04:26:15 [INFO] 配置已加载 | 房间: 732 | 礼物: 启用
04:26:15 [INFO] 已登录账号: 猫猫要拍照 (uid=3632315248937135)
04:26:15 [INFO] ============================================================
04:26:15 [INFO]   阿冰没问题（Icenoproblem）PS5 哔哩哔哩 直播系统 V3.0  (Windows 原生版)
04:26:15 [INFO] ============================================================
04:26:15 [INFO]   监听房间: 732
04:26:15 [INFO]   IRC 服务: 0.0.0.0:6667
04:26:15 [INFO]   Web 控制台: http://127.0.0.1:5000
04:26:15 [INFO]   PS5 频道: #icenoproblem
04:26:15 [INFO]   RTMP 推流: 状态监控已启用（需配置DNS劫持）
04:26:15 [INFO]   已登录账号: 猫猫要拍照 (uid=3632315248937135)
04:26:15 [INFO] ============================================================
04:26:15 [INFO] IRC 服务已启动: 0.0.0.0:6667
04:26:15 [INFO] 房间 732 真实ID: 6154037
04:26:15 [INFO] WBI key刷新成功: ea1db124af...
04:26:15 [INFO] WebSocket 服务器: wss://zj-cn-live-comet.chat.bilibili.com:2245/sub
04:26:15 [INFO] 房间ID: 6154037
04:26:15 [INFO] 已获取鉴权Token ✓
04:26:15 [INFO] 连接 B站直播间 6154037...
04:26:15 [INFO] 已发送认证包，等待服务器响应...
04:26:15 [INFO] ✓ B站 WebSocket 连接成功，开始接收消息
04:26:16 [INFO] Web 控制台: http://127.0.0.1:5000  |  局域网: http://192.168.110.41:5000
04:26:18 [INFO] 收到弹幕: [WarGreed] 那很烧脑了
04:26:21 [INFO] 收到弹幕: [Rata痕] 回老家了
04:26:30 [INFO] 收到弹幕: [AAA黑猪] 强图来了
04:26:34 [INFO] 收到弹幕: [-拾柒呀-] 双层享受
04:26:34 [INFO] 收到弹幕: [--阿皮---] 你老家啊
04:26:37 [INFO] 收到弹幕: [多了一段互联网记忆] 猪猪保安
04:26:39 [INFO] 收到弹幕: [西北故人] 发十条弹幕/观看十五分钟/点赞三十次即可重新点亮粉丝勋章！
04:26:41 [INFO] 收到弹幕: [鸽宝゛] [Asaki新表情包_馋了]
04:26:50 [INFO] 收到弹幕: [AAA黑猪] 两个一突么[鬼魂]
04:26:50 [INFO] 收到弹幕: [墨苏啾啾口秋] 三突啊
04:26:53 [INFO] 收到弹幕: [X14oPng] 依旧大运
04:26:56 [INFO] 收到弹幕: [麦麦脆汁猪r] [Asaki新表情包_馋了]
04:27:02 [INFO] 收到弹幕: [WarGreed] [Asaki新表情包_馋了]
04:27:04 [INFO] 收到弹幕: [仙人掌爆炒鲨鲨] 全突局
04:27:06 [INFO] 收到弹幕: [升卿Serpent-] [Asaki新表情包_馋了]
04:27:06 [INFO] 收到弹幕: [X14oPng] 蕾娜当先锋（）
04:27:13 [INFO] 收到弹幕: [鸽宝゛] 哇哈哈
04:27:15 [INFO] 收到弹幕: [WarGreed] 赞！
04:27:20 [INFO] 收到弹幕: [麦麦脆汁猪r] 越听越饿
04:27:22 [INFO] 收到弹幕: [WarGreed] 哈哈哈哈
04:27:24 [INFO] 收到弹幕: [偶尔也会早睡] 哇哈哈
04:27:25 [INFO] 收到弹幕: [皮皮皮桑Sunny] 哈哈哈哈哈哈
04:27:26 [INFO] 收到弹幕: [墨苏啾啾口秋] 哈哈哈哈哈
04:27:26 [INFO] 收到弹幕: [绝不拖延的Ending] 哈哈
04:27:26 [INFO] 收到弹幕: [X14oPng] 那很香了
04:27:27 [INFO] 收到弹幕: [麦麦脆汁猪r] 哈哈哈哈哈哈
04:27:27 [INFO] 收到弹幕: [魈猫猫不知道哦] 哈哈哈哈哈
04:27:28 [INFO] 收到弹幕: [我想有个祢豆子] 嫩肉粉管够
04:27:29 [INFO] 收到弹幕: [秋千水ovo] 哇哈哈
04:27:29 [INFO] 收到弹幕: [茉莉冰柠茶] 哈哈哈哈哈哈
04:27:31 [INFO] 收到弹幕: [铜钱饱饱] 哇哈哈
04:27:32 [INFO] 收到弹幕: [仙人掌爆炒鲨鲨] 新鲜热的
04:27:36 [INFO] 收到弹幕: [欢愉橘子猫] 加了嫩肉粉
04:27:36 [INFO] 收到弹幕: [散落栗子球] 哇哈哈
04:27:36 [INFO] 收到弹幕: [WarGreed] 嫩肉粉加多了
04:27:36 [INFO] 收到弹幕: [謨丶語] 哇哈哈
04:27:38 [INFO] 收到弹幕: [Voyager_r] 调料包直接加热
04:27:46 [INFO] 收到弹幕: [松果烤串] 给我听着饿惨了
04:27:46 [INFO] 收到弹幕: [鸽宝゛] 嗯~
04:27:54 [INFO] 收到弹幕: [WarGreed] 就好这口
04:27:54 [INFO] 收到弹幕: [林九尘-] 哇哈哈
04:27:54 [INFO] 收到弹幕: [麦麦脆汁猪r] 哇哈哈
04:27:55 [INFO] 收到弹幕: [我想有个祢豆子] 科技猪
04:27:56 [INFO] 收到弹幕: [偶尔也会早睡] 哈哈哈哈
04:27:58 [INFO] 收到弹幕: [林九尘-] 爱吃
04:28:11 [INFO] 收到弹幕: [WarGreed] 不加的吃着咳嗽
04:28:19 [INFO] 收到弹幕: [西北故人] 3月舰长礼物是拉拉队fufu娃娃，收货信息统计方式为航海回馈
04:28:24 [INFO] 收到弹幕: [麦麦脆汁猪r] 恰饭饭
04:28:32 [INFO] 收到弹幕: [我想有个祢豆子] 听馋了
04:28:38 [INFO] 收到弹幕: [Kの空白] 你只是饿了
04:28:44 [INFO] 收到弹幕: [AAA黑猪] 直接前压睡觉吃饭
04:28:51 [INFO] 收到弹幕: [WarGreed] ssz认真了
04:28:51 [INFO] 收到弹幕: [我想有个祢豆子] 去泡碗面吃
04:28:54 [INFO] 收到弹幕: [鸽宝゛] 恰饭饭
04:29:00 [INFO] 收到礼物: [落魄的右护法] 粉丝团灯牌x1
04:29:00 [INFO] 礼物 [落魄的右护法]: 粉丝团灯牌x1 (电池 100)
04:29:04 [INFO] 收到礼物: [落魄的右护法] 粉丝手幅x1
04:29:04 [INFO] 礼物 [落魄的右护法]: 粉丝手幅x1 (电池 100)
04:29:05 [INFO] 收到礼物: [落魄的右护法] 粉丝手幅x1
04:29:05 [INFO] 礼物 [落魄的右护法]: 粉丝手幅x1 (电池 100)
04:29:06 [INFO] 收到弹幕: [小小←] 难道说要elo了吗
04:29:10 [INFO] 礼物 [落魄的右护法]: 粉丝手幅x2 (电池 0)
04:29:21 [INFO] 收到弹幕: [升温啦注意散热哦] 哇哈哈
04:29:25 [INFO] 收到弹幕: [鸽宝゛] 听得见
04:29:26 [INFO] 收到弹幕: [麦麦脆汁猪r] 听得见
04:29:26 [INFO] 收到弹幕: [WarGreed] 听得见
04:29:27 [INFO] 收到弹幕: [鸽宝゛] [青春烟火静态表情包_大吃特吃]
04:29:30 [INFO] 收到弹幕: [X14oPng] 不太能听见
04:29:30 [INFO] 收到弹幕: [WarGreed] 那很好吃了
04:29:30 [INFO] 收到弹幕: [林九尘-] 听得见
04:29:34 [INFO] 收到弹幕: [Voyager_r] 没听到
04:29:34 [INFO] 收到弹幕: [魈猫猫不知道哦] 听得见
04:29:34 [INFO] 收到弹幕: [bili_1468437] 听得见一点
04:29:34 [INFO] 收到弹幕: [瓜唧大王] 听见了
04:29:36 [INFO] 收到弹幕: [舟舟_Official] 掺东西了
04:29:36 [INFO] 收到弹幕: [空宸雪OwO] 猪猪进食
04:29:38 [INFO] 收到弹幕: [梅花夜开香满溪] 啥外卖啊
04:29:38 [INFO] 收到弹幕: [CccC混子] 可以的 听起来很香
04:29:38 [INFO] 收到弹幕: [花雪待葬] 听饿了
04:29:43 [INFO] 收到弹幕: [林九尘-] 香的一
04:29:47 [INFO] 收到弹幕: [由在在] 刚来 猪猪在吃啥
